[2023-08-15 22:32:59,926] INFO Registered kafka:type=kafka.Log4jController MBean (kafka.utils.Log4jControllerRegistration$)
[2023-08-15 22:33:00,085] INFO Setting -D jdk.tls.rejectClientInitiatedRenegotiation=true to disable client-initiated TLS renegotiation (org.apache.zookeeper.common.X509Util)
[2023-08-15 22:33:00,110] INFO Registered signal handlers for TERM, INT, HUP (org.apache.kafka.common.utils.LoggingSignalHandler)
[2023-08-15 22:33:00,112] INFO starting (kafka.server.KafkaServer)
[2023-08-15 22:33:00,112] INFO Connecting to zookeeper on localhost:2181 (kafka.server.KafkaServer)
[2023-08-15 22:33:00,121] INFO [ZooKeeperClient Kafka server] Initializing a new session to localhost:2181. (kafka.zookeeper.ZooKeeperClient)
[2023-08-15 22:33:00,124] INFO Client environment:zookeeper.version=3.5.7-f0fdd52973d373ffd9c86b81d99842dc2c7f660e, built on 02/10/2020 11:30 GMT (org.apache.zookeeper.ZooKeeper)
[2023-08-15 22:33:00,124] INFO Client environment:host.name=218.38.137.27 (org.apache.zookeeper.ZooKeeper)
[2023-08-15 22:33:00,124] INFO Client environment:java.version=20.0.1 (org.apache.zookeeper.ZooKeeper)
[2023-08-15 22:33:00,124] INFO Client environment:java.vendor=Homebrew (org.apache.zookeeper.ZooKeeper)
[2023-08-15 22:33:00,124] INFO Client environment:java.home=/opt/homebrew/Cellar/openjdk/20.0.1/libexec/openjdk.jdk/Contents/Home (org.apache.zookeeper.ZooKeeper)
[2023-08-15 22:33:00,125] INFO Client environment:java.class.path=/Users/hyunjoon/Projects/kafka/kafka_2.13-2.5.0/bin/../libs/activation-1.1.1.jar:/Users/hyunjoon/Projects/kafka/kafka_2.13-2.5.0/bin/../libs/aopalliance-repackaged-2.5.0.jar:/Users/hyunjoon/Projects/kafka/kafka_2.13-2.5.0/bin/../libs/argparse4j-0.7.0.jar:/Users/hyunjoon/Projects/kafka/kafka_2.13-2.5.0/bin/../libs/audience-annotations-0.5.0.jar:/Users/hyunjoon/Projects/kafka/kafka_2.13-2.5.0/bin/../libs/commons-cli-1.4.jar:/Users/hyunjoon/Projects/kafka/kafka_2.13-2.5.0/bin/../libs/commons-lang3-3.8.1.jar:/Users/hyunjoon/Projects/kafka/kafka_2.13-2.5.0/bin/../libs/connect-api-2.5.0.jar:/Users/hyunjoon/Projects/kafka/kafka_2.13-2.5.0/bin/../libs/connect-basic-auth-extension-2.5.0.jar:/Users/hyunjoon/Projects/kafka/kafka_2.13-2.5.0/bin/../libs/connect-file-2.5.0.jar:/Users/hyunjoon/Projects/kafka/kafka_2.13-2.5.0/bin/../libs/connect-json-2.5.0.jar:/Users/hyunjoon/Projects/kafka/kafka_2.13-2.5.0/bin/../libs/connect-mirror-2.5.0.jar:/Users/hyunjoon/Projects/kafka/kafka_2.13-2.5.0/bin/../libs/connect-mirror-client-2.5.0.jar:/Users/hyunjoon/Projects/kafka/kafka_2.13-2.5.0/bin/../libs/connect-runtime-2.5.0.jar:/Users/hyunjoon/Projects/kafka/kafka_2.13-2.5.0/bin/../libs/connect-transforms-2.5.0.jar:/Users/hyunjoon/Projects/kafka/kafka_2.13-2.5.0/bin/../libs/hk2-api-2.5.0.jar:/Users/hyunjoon/Projects/kafka/kafka_2.13-2.5.0/bin/../libs/hk2-locator-2.5.0.jar:/Users/hyunjoon/Projects/kafka/kafka_2.13-2.5.0/bin/../libs/hk2-utils-2.5.0.jar:/Users/hyunjoon/Projects/kafka/kafka_2.13-2.5.0/bin/../libs/jackson-annotations-2.10.2.jar:/Users/hyunjoon/Projects/kafka/kafka_2.13-2.5.0/bin/../libs/jackson-core-2.10.2.jar:/Users/hyunjoon/Projects/kafka/kafka_2.13-2.5.0/bin/../libs/jackson-databind-2.10.2.jar:/Users/hyunjoon/Projects/kafka/kafka_2.13-2.5.0/bin/../libs/jackson-dataformat-csv-2.10.2.jar:/Users/hyunjoon/Projects/kafka/kafka_2.13-2.5.0/bin/../libs/jackson-datatype-jdk8-2.10.2.jar:/Users/hyunjoon/Projects/kafka/kafka_2.13-2.5.0/bin/../libs/jackson-jaxrs-base-2.10.2.jar:/Users/hyunjoon/Projects/kafka/kafka_2.13-2.5.0/bin/../libs/jackson-jaxrs-json-provider-2.10.2.jar:/Users/hyunjoon/Projects/kafka/kafka_2.13-2.5.0/bin/../libs/jackson-module-jaxb-annotations-2.10.2.jar:/Users/hyunjoon/Projects/kafka/kafka_2.13-2.5.0/bin/../libs/jackson-module-paranamer-2.10.2.jar:/Users/hyunjoon/Projects/kafka/kafka_2.13-2.5.0/bin/../libs/jackson-module-scala_2.13-2.10.2.jar:/Users/hyunjoon/Projects/kafka/kafka_2.13-2.5.0/bin/../libs/jakarta.activation-api-1.2.1.jar:/Users/hyunjoon/Projects/kafka/kafka_2.13-2.5.0/bin/../libs/jakarta.annotation-api-1.3.4.jar:/Users/hyunjoon/Projects/kafka/kafka_2.13-2.5.0/bin/../libs/jakarta.inject-2.5.0.jar:/Users/hyunjoon/Projects/kafka/kafka_2.13-2.5.0/bin/../libs/jakarta.ws.rs-api-2.1.5.jar:/Users/hyunjoon/Projects/kafka/kafka_2.13-2.5.0/bin/../libs/jakarta.xml.bind-api-2.3.2.jar:/Users/hyunjoon/Projects/kafka/kafka_2.13-2.5.0/bin/../libs/javassist-3.22.0-CR2.jar:/Users/hyunjoon/Projects/kafka/kafka_2.13-2.5.0/bin/../libs/javassist-3.26.0-GA.jar:/Users/hyunjoon/Projects/kafka/kafka_2.13-2.5.0/bin/../libs/javax.servlet-api-3.1.0.jar:/Users/hyunjoon/Projects/kafka/kafka_2.13-2.5.0/bin/../libs/javax.ws.rs-api-2.1.1.jar:/Users/hyunjoon/Projects/kafka/kafka_2.13-2.5.0/bin/../libs/jaxb-api-2.3.0.jar:/Users/hyunjoon/Projects/kafka/kafka_2.13-2.5.0/bin/../libs/jersey-client-2.28.jar:/Users/hyunjoon/Projects/kafka/kafka_2.13-2.5.0/bin/../libs/jersey-common-2.28.jar:/Users/hyunjoon/Projects/kafka/kafka_2.13-2.5.0/bin/../libs/jersey-container-servlet-2.28.jar:/Users/hyunjoon/Projects/kafka/kafka_2.13-2.5.0/bin/../libs/jersey-container-servlet-core-2.28.jar:/Users/hyunjoon/Projects/kafka/kafka_2.13-2.5.0/bin/../libs/jersey-hk2-2.28.jar:/Users/hyunjoon/Projects/kafka/kafka_2.13-2.5.0/bin/../libs/jersey-media-jaxb-2.28.jar:/Users/hyunjoon/Projects/kafka/kafka_2.13-2.5.0/bin/../libs/jersey-server-2.28.jar:/Users/hyunjoon/Projects/kafka/kafka_2.13-2.5.0/bin/../libs/jetty-client-9.4.24.v20191120.jar:/Users/hyunjoon/Projects/kafka/kafka_2.13-2.5.0/bin/../libs/jetty-continuation-9.4.24.v20191120.jar:/Users/hyunjoon/Projects/kafka/kafka_2.13-2.5.0/bin/../libs/jetty-http-9.4.24.v20191120.jar:/Users/hyunjoon/Projects/kafka/kafka_2.13-2.5.0/bin/../libs/jetty-io-9.4.24.v20191120.jar:/Users/hyunjoon/Projects/kafka/kafka_2.13-2.5.0/bin/../libs/jetty-security-9.4.24.v20191120.jar:/Users/hyunjoon/Projects/kafka/kafka_2.13-2.5.0/bin/../libs/jetty-server-9.4.24.v20191120.jar:/Users/hyunjoon/Projects/kafka/kafka_2.13-2.5.0/bin/../libs/jetty-servlet-9.4.24.v20191120.jar:/Users/hyunjoon/Projects/kafka/kafka_2.13-2.5.0/bin/../libs/jetty-servlets-9.4.24.v20191120.jar:/Users/hyunjoon/Projects/kafka/kafka_2.13-2.5.0/bin/../libs/jetty-util-9.4.24.v20191120.jar:/Users/hyunjoon/Projects/kafka/kafka_2.13-2.5.0/bin/../libs/jopt-simple-5.0.4.jar:/Users/hyunjoon/Projects/kafka/kafka_2.13-2.5.0/bin/../libs/kafka-clients-2.5.0.jar:/Users/hyunjoon/Projects/kafka/kafka_2.13-2.5.0/bin/../libs/kafka-log4j-appender-2.5.0.jar:/Users/hyunjoon/Projects/kafka/kafka_2.13-2.5.0/bin/../libs/kafka-streams-2.5.0.jar:/Users/hyunjoon/Projects/kafka/kafka_2.13-2.5.0/bin/../libs/kafka-streams-examples-2.5.0.jar:/Users/hyunjoon/Projects/kafka/kafka_2.13-2.5.0/bin/../libs/kafka-streams-scala_2.13-2.5.0.jar:/Users/hyunjoon/Projects/kafka/kafka_2.13-2.5.0/bin/../libs/kafka-streams-test-utils-2.5.0.jar:/Users/hyunjoon/Projects/kafka/kafka_2.13-2.5.0/bin/../libs/kafka-tools-2.5.0.jar:/Users/hyunjoon/Projects/kafka/kafka_2.13-2.5.0/bin/../libs/kafka_2.13-2.5.0-sources.jar:/Users/hyunjoon/Projects/kafka/kafka_2.13-2.5.0/bin/../libs/kafka_2.13-2.5.0.jar:/Users/hyunjoon/Projects/kafka/kafka_2.13-2.5.0/bin/../libs/log4j-1.2.17.jar:/Users/hyunjoon/Projects/kafka/kafka_2.13-2.5.0/bin/../libs/lz4-java-1.7.1.jar:/Users/hyunjoon/Projects/kafka/kafka_2.13-2.5.0/bin/../libs/maven-artifact-3.6.3.jar:/Users/hyunjoon/Projects/kafka/kafka_2.13-2.5.0/bin/../libs/metrics-core-2.2.0.jar:/Users/hyunjoon/Projects/kafka/kafka_2.13-2.5.0/bin/../libs/netty-buffer-4.1.45.Final.jar:/Users/hyunjoon/Projects/kafka/kafka_2.13-2.5.0/bin/../libs/netty-codec-4.1.45.Final.jar:/Users/hyunjoon/Projects/kafka/kafka_2.13-2.5.0/bin/../libs/netty-common-4.1.45.Final.jar:/Users/hyunjoon/Projects/kafka/kafka_2.13-2.5.0/bin/../libs/netty-handler-4.1.45.Final.jar:/Users/hyunjoon/Projects/kafka/kafka_2.13-2.5.0/bin/../libs/netty-resolver-4.1.45.Final.jar:/Users/hyunjoon/Projects/kafka/kafka_2.13-2.5.0/bin/../libs/netty-transport-4.1.45.Final.jar:/Users/hyunjoon/Projects/kafka/kafka_2.13-2.5.0/bin/../libs/netty-transport-native-epoll-4.1.45.Final.jar:/Users/hyunjoon/Projects/kafka/kafka_2.13-2.5.0/bin/../libs/netty-transport-native-unix-common-4.1.45.Final.jar:/Users/hyunjoon/Projects/kafka/kafka_2.13-2.5.0/bin/../libs/osgi-resource-locator-1.0.1.jar:/Users/hyunjoon/Projects/kafka/kafka_2.13-2.5.0/bin/../libs/paranamer-2.8.jar:/Users/hyunjoon/Projects/kafka/kafka_2.13-2.5.0/bin/../libs/plexus-utils-3.2.1.jar:/Users/hyunjoon/Projects/kafka/kafka_2.13-2.5.0/bin/../libs/reflections-0.9.12.jar:/Users/hyunjoon/Projects/kafka/kafka_2.13-2.5.0/bin/../libs/rocksdbjni-5.18.3.jar:/Users/hyunjoon/Projects/kafka/kafka_2.13-2.5.0/bin/../libs/scala-collection-compat_2.13-2.1.3.jar:/Users/hyunjoon/Projects/kafka/kafka_2.13-2.5.0/bin/../libs/scala-java8-compat_2.13-0.9.0.jar:/Users/hyunjoon/Projects/kafka/kafka_2.13-2.5.0/bin/../libs/scala-library-2.13.1.jar:/Users/hyunjoon/Projects/kafka/kafka_2.13-2.5.0/bin/../libs/scala-logging_2.13-3.9.2.jar:/Users/hyunjoon/Projects/kafka/kafka_2.13-2.5.0/bin/../libs/scala-reflect-2.13.1.jar:/Users/hyunjoon/Projects/kafka/kafka_2.13-2.5.0/bin/../libs/slf4j-api-1.7.30.jar:/Users/hyunjoon/Projects/kafka/kafka_2.13-2.5.0/bin/../libs/slf4j-log4j12-1.7.30.jar:/Users/hyunjoon/Projects/kafka/kafka_2.13-2.5.0/bin/../libs/snappy-java-1.1.7.3.jar:/Users/hyunjoon/Projects/kafka/kafka_2.13-2.5.0/bin/../libs/validation-api-2.0.1.Final.jar:/Users/hyunjoon/Projects/kafka/kafka_2.13-2.5.0/bin/../libs/zookeeper-3.5.7.jar:/Users/hyunjoon/Projects/kafka/kafka_2.13-2.5.0/bin/../libs/zookeeper-jute-3.5.7.jar:/Users/hyunjoon/Projects/kafka/kafka_2.13-2.5.0/bin/../libs/zstd-jni-1.4.4-7.jar (org.apache.zookeeper.ZooKeeper)
[2023-08-15 22:33:00,125] INFO Client environment:java.library.path=/Users/hyunjoon/Library/Java/Extensions:/Library/Java/Extensions:/Network/Library/Java/Extensions:/System/Library/Java/Extensions:/usr/lib/java:. (org.apache.zookeeper.ZooKeeper)
[2023-08-15 22:33:00,125] INFO Client environment:java.io.tmpdir=/var/folders/zf/82j6hdtd4q39sm4w1w7sjcxh0000gn/T/ (org.apache.zookeeper.ZooKeeper)
[2023-08-15 22:33:00,125] INFO Client environment:java.compiler=<NA> (org.apache.zookeeper.ZooKeeper)
[2023-08-15 22:33:00,125] INFO Client environment:os.name=Mac OS X (org.apache.zookeeper.ZooKeeper)
[2023-08-15 22:33:00,125] INFO Client environment:os.arch=aarch64 (org.apache.zookeeper.ZooKeeper)
[2023-08-15 22:33:00,125] INFO Client environment:os.version=13.5 (org.apache.zookeeper.ZooKeeper)
[2023-08-15 22:33:00,125] INFO Client environment:user.name=hyunjoon (org.apache.zookeeper.ZooKeeper)
[2023-08-15 22:33:00,125] INFO Client environment:user.home=/Users/hyunjoon (org.apache.zookeeper.ZooKeeper)
[2023-08-15 22:33:00,125] INFO Client environment:user.dir=/Users/hyunjoon/Projects/kafka/kafka_2.13-2.5.0 (org.apache.zookeeper.ZooKeeper)
[2023-08-15 22:33:00,126] INFO Client environment:os.memory.free=988MB (org.apache.zookeeper.ZooKeeper)
[2023-08-15 22:33:00,126] INFO Client environment:os.memory.max=1024MB (org.apache.zookeeper.ZooKeeper)
[2023-08-15 22:33:00,126] INFO Client environment:os.memory.total=1024MB (org.apache.zookeeper.ZooKeeper)
[2023-08-15 22:33:00,127] INFO Initiating client connection, connectString=localhost:2181 sessionTimeout=18000 watcher=kafka.zookeeper.ZooKeeperClient$ZooKeeperClientWatcher$@3e62d773 (org.apache.zookeeper.ZooKeeper)
[2023-08-15 22:33:00,132] INFO jute.maxbuffer value is 4194304 Bytes (org.apache.zookeeper.ClientCnxnSocket)
[2023-08-15 22:33:00,135] INFO zookeeper.request.timeout value is 0. feature enabled= (org.apache.zookeeper.ClientCnxn)
[2023-08-15 22:33:00,136] INFO [ZooKeeperClient Kafka server] Waiting until connected. (kafka.zookeeper.ZooKeeperClient)
[2023-08-15 22:33:00,140] INFO Opening socket connection to server localhost/127.0.0.1:2181. Will not attempt to authenticate using SASL (unknown error) (org.apache.zookeeper.ClientCnxn)
[2023-08-15 22:33:00,145] INFO Socket connection established, initiating session, client: /127.0.0.1:50418, server: localhost/127.0.0.1:2181 (org.apache.zookeeper.ClientCnxn)
[2023-08-15 22:33:00,156] INFO Session establishment complete on server localhost/127.0.0.1:2181, sessionid = 0x10000619aa40000, negotiated timeout = 18000 (org.apache.zookeeper.ClientCnxn)
[2023-08-15 22:33:00,157] INFO [ZooKeeperClient Kafka server] Connected. (kafka.zookeeper.ZooKeeperClient)
[2023-08-15 22:33:00,298] INFO Cluster ID = DGiQMglLRVa9IuBZzQ4Irg (kafka.server.KafkaServer)
[2023-08-15 22:33:00,303] ERROR Fatal error during KafkaServer startup. Prepare to shutdown (kafka.server.KafkaServer)
kafka.common.InconsistentClusterIdException: The Cluster ID DGiQMglLRVa9IuBZzQ4Irg doesn't match stored clusterId Some(9Dt-QHg-RfWiFpcl4ZdBEg) in meta.properties. The broker is trying to join the wrong cluster. Configured zookeeper.connect may be wrong.
	at kafka.server.KafkaServer.startup(KafkaServer.scala:223)
	at kafka.server.KafkaServerStartable.startup(KafkaServerStartable.scala:44)
	at kafka.Kafka$.main(Kafka.scala:82)
	at kafka.Kafka.main(Kafka.scala)
[2023-08-15 22:33:00,304] INFO shutting down (kafka.server.KafkaServer)
[2023-08-15 22:33:00,305] INFO [ZooKeeperClient Kafka server] Closing. (kafka.zookeeper.ZooKeeperClient)
[2023-08-15 22:33:00,416] INFO Session: 0x10000619aa40000 closed (org.apache.zookeeper.ZooKeeper)
[2023-08-15 22:33:00,416] INFO EventThread shut down for session: 0x10000619aa40000 (org.apache.zookeeper.ClientCnxn)
[2023-08-15 22:33:00,416] INFO [ZooKeeperClient Kafka server] Closed. (kafka.zookeeper.ZooKeeperClient)
[2023-08-15 22:33:00,419] INFO shut down completed (kafka.server.KafkaServer)
[2023-08-15 22:33:00,419] ERROR Exiting Kafka. (kafka.server.KafkaServerStartable)
[2023-08-15 22:33:00,419] INFO shutting down (kafka.server.KafkaServer)
