[2023-08-15T23:11:33.659+0900][gc,init] CardTable entry size: 512
[2023-08-15T23:11:33.659+0900][gc     ] Using G1
[2023-08-15T23:11:33.661+0900][gc,init] Version: 20.0.1 (release)
[2023-08-15T23:11:33.661+0900][gc,init] CPUs: 8 total, 8 available
[2023-08-15T23:11:33.661+0900][gc,init] Memory: 16384M
[2023-08-15T23:11:33.661+0900][gc,init] Large Page Support: Disabled
[2023-08-15T23:11:33.661+0900][gc,init] NUMA Support: Disabled
[2023-08-15T23:11:33.661+0900][gc,init] Compressed Oops: Enabled (Zero based)
[2023-08-15T23:11:33.661+0900][gc,init] Heap Region Size: 1M
[2023-08-15T23:11:33.661+0900][gc,init] Heap Min Capacity: 1G
[2023-08-15T23:11:33.661+0900][gc,init] Heap Initial Capacity: 1G
[2023-08-15T23:11:33.661+0900][gc,init] Heap Max Capacity: 1G
[2023-08-15T23:11:33.661+0900][gc,init] Pre-touch: Disabled
[2023-08-15T23:11:33.661+0900][gc,init] Parallel Workers: 8
[2023-08-15T23:11:33.661+0900][gc,init] Concurrent Workers: 2
[2023-08-15T23:11:33.661+0900][gc,init] Concurrent Refinement Workers: 8
[2023-08-15T23:11:33.661+0900][gc,init] Periodic GC: Disabled
[2023-08-15T23:11:33.661+0900][gc,metaspace] CDS archive(s) mapped at: [0x0000000800000000-0x0000000800c6c000-0x0000000800c6c000), size 13025280, SharedBaseAddress: 0x0000000800000000, ArchiveRelocationMode: 0.
[2023-08-15T23:11:33.661+0900][gc,metaspace] Compressed class space mapped at: 0x0000000801000000-0x0000000841000000, reserved size: 1073741824
[2023-08-15T23:11:33.661+0900][gc,metaspace] Narrow klass base: 0x0000000800000000, Narrow klass shift: 0, Narrow klass range: 0x100000000
[2023-08-15T23:11:34.424+0900][gc,start    ] GC(0) Pause Young (Normal) (G1 Evacuation Pause)
[2023-08-15T23:11:34.424+0900][gc,task     ] GC(0) Using 8 workers of 8 for evacuation
[2023-08-15T23:11:34.427+0900][gc,phases   ] GC(0)   Pre Evacuate Collection Set: 0.1ms
[2023-08-15T23:11:34.427+0900][gc,phases   ] GC(0)   Merge Heap Roots: 0.0ms
[2023-08-15T23:11:34.427+0900][gc,phases   ] GC(0)   Evacuate Collection Set: 2.3ms
[2023-08-15T23:11:34.427+0900][gc,phases   ] GC(0)   Post Evacuate Collection Set: 0.4ms
[2023-08-15T23:11:34.427+0900][gc,phases   ] GC(0)   Other: 0.2ms
[2023-08-15T23:11:34.427+0900][gc,heap     ] GC(0) Eden regions: 51->0(44)
[2023-08-15T23:11:34.427+0900][gc,heap     ] GC(0) Survivor regions: 0->7(7)
[2023-08-15T23:11:34.427+0900][gc,heap     ] GC(0) Old regions: 0->1
[2023-08-15T23:11:34.427+0900][gc,heap     ] GC(0) Archive regions: 2->2
[2023-08-15T23:11:34.427+0900][gc,heap     ] GC(0) Humongous regions: 0->0
[2023-08-15T23:11:34.427+0900][gc,metaspace] GC(0) Metaspace: 18934K(19200K)->18934K(19200K) NonClass: 16739K(16896K)->16739K(16896K) Class: 2195K(2304K)->2195K(2304K)
[2023-08-15T23:11:34.427+0900][gc          ] GC(0) Pause Young (Normal) (G1 Evacuation Pause) 51M->8M(1024M) 3.313ms
[2023-08-15T23:11:34.427+0900][gc,cpu      ] GC(0) User=0.02s Sys=0.00s Real=0.00s
[2023-08-15T23:11:34.516+0900][gc,start    ] GC(1) Pause Young (Concurrent Start) (Metadata GC Threshold)
[2023-08-15T23:11:34.516+0900][gc,task     ] GC(1) Using 8 workers of 8 for evacuation
[2023-08-15T23:11:34.519+0900][gc,phases   ] GC(1)   Pre Evacuate Collection Set: 0.2ms
[2023-08-15T23:11:34.519+0900][gc,phases   ] GC(1)   Merge Heap Roots: 0.0ms
[2023-08-15T23:11:34.519+0900][gc,phases   ] GC(1)   Evacuate Collection Set: 2.4ms
[2023-08-15T23:11:34.519+0900][gc,phases   ] GC(1)   Post Evacuate Collection Set: 0.2ms
[2023-08-15T23:11:34.519+0900][gc,phases   ] GC(1)   Other: 0.0ms
[2023-08-15T23:11:34.519+0900][gc,heap     ] GC(1) Eden regions: 10->0(49)
[2023-08-15T23:11:34.519+0900][gc,heap     ] GC(1) Survivor regions: 7->2(7)
[2023-08-15T23:11:34.519+0900][gc,heap     ] GC(1) Old regions: 1->7
[2023-08-15T23:11:34.519+0900][gc,heap     ] GC(1) Archive regions: 2->2
[2023-08-15T23:11:34.519+0900][gc,heap     ] GC(1) Humongous regions: 129->129
[2023-08-15T23:11:34.519+0900][gc,metaspace] GC(1) Metaspace: 21281K(21504K)->21281K(21504K) NonClass: 18835K(18944K)->18835K(18944K) Class: 2446K(2560K)->2446K(2560K)
[2023-08-15T23:11:34.519+0900][gc          ] GC(1) Pause Young (Concurrent Start) (Metadata GC Threshold) 147M->138M(1024M) 2.978ms
[2023-08-15T23:11:34.519+0900][gc,cpu      ] GC(1) User=0.01s Sys=0.00s Real=0.00s
[2023-08-15T23:11:34.519+0900][gc          ] GC(2) Concurrent Mark Cycle
[2023-08-15T23:11:34.519+0900][gc,marking  ] GC(2) Concurrent Scan Root Regions
[2023-08-15T23:11:34.521+0900][gc,marking  ] GC(2) Concurrent Scan Root Regions 1.800ms
[2023-08-15T23:11:34.521+0900][gc,marking  ] GC(2) Concurrent Mark
[2023-08-15T23:11:34.521+0900][gc,marking  ] GC(2) Concurrent Mark From Roots
[2023-08-15T23:11:34.521+0900][gc,task     ] GC(2) Using 2 workers of 2 for marking
[2023-08-15T23:11:34.522+0900][gc,marking  ] GC(2) Concurrent Mark From Roots 1.157ms
[2023-08-15T23:11:34.522+0900][gc,marking  ] GC(2) Concurrent Preclean
[2023-08-15T23:11:34.522+0900][gc,marking  ] GC(2) Concurrent Preclean 0.007ms
[2023-08-15T23:11:34.522+0900][gc,start    ] GC(2) Pause Remark
[2023-08-15T23:11:34.523+0900][gc          ] GC(2) Pause Remark 139M->139M(1024M) 0.940ms
[2023-08-15T23:11:34.523+0900][gc,cpu      ] GC(2) User=0.00s Sys=0.00s Real=0.00s
[2023-08-15T23:11:34.523+0900][gc,marking  ] GC(2) Concurrent Mark 2.272ms
[2023-08-15T23:11:34.523+0900][gc,marking  ] GC(2) Concurrent Rebuild Remembered Sets and Scrub Regions
[2023-08-15T23:11:34.525+0900][gc,marking  ] GC(2) Concurrent Rebuild Remembered Sets and Scrub Regions 1.752ms
[2023-08-15T23:11:34.525+0900][gc,start    ] GC(2) Pause Cleanup
[2023-08-15T23:11:34.525+0900][gc          ] GC(2) Pause Cleanup 139M->139M(1024M) 0.094ms
[2023-08-15T23:11:34.525+0900][gc,cpu      ] GC(2) User=0.00s Sys=0.00s Real=0.00s
[2023-08-15T23:11:34.525+0900][gc,marking  ] GC(2) Concurrent Clear Claimed Marks
[2023-08-15T23:11:34.525+0900][gc,marking  ] GC(2) Concurrent Clear Claimed Marks 0.010ms
[2023-08-15T23:11:34.525+0900][gc,marking  ] GC(2) Concurrent Cleanup for Next Mark
[2023-08-15T23:11:34.526+0900][gc,marking  ] GC(2) Concurrent Cleanup for Next Mark 1.303ms
[2023-08-15T23:11:34.526+0900][gc          ] GC(2) Concurrent Mark Cycle 7.431ms
[2023-08-15T23:13:35.054+0900][gc,start    ] GC(3) Pause Young (Normal) (G1 Evacuation Pause)
[2023-08-15T23:13:35.054+0900][gc,task     ] GC(3) Using 8 workers of 8 for evacuation
[2023-08-15T23:13:35.059+0900][gc,phases   ] GC(3)   Pre Evacuate Collection Set: 0.2ms
[2023-08-15T23:13:35.059+0900][gc,phases   ] GC(3)   Merge Heap Roots: 0.1ms
[2023-08-15T23:13:35.059+0900][gc,phases   ] GC(3)   Evacuate Collection Set: 2.4ms
[2023-08-15T23:13:35.059+0900][gc,phases   ] GC(3)   Post Evacuate Collection Set: 0.3ms
[2023-08-15T23:13:35.059+0900][gc,phases   ] GC(3)   Other: 2.2ms
[2023-08-15T23:13:35.059+0900][gc,heap     ] GC(3) Eden regions: 49->0(44)
[2023-08-15T23:13:35.059+0900][gc,heap     ] GC(3) Survivor regions: 2->7(7)
[2023-08-15T23:13:35.059+0900][gc,heap     ] GC(3) Old regions: 7->7
[2023-08-15T23:13:35.059+0900][gc,heap     ] GC(3) Archive regions: 2->2
[2023-08-15T23:13:35.059+0900][gc,heap     ] GC(3) Humongous regions: 129->129
[2023-08-15T23:13:35.059+0900][gc,metaspace] GC(3) Metaspace: 32366K(32704K)->32366K(32704K) NonClass: 28776K(28992K)->28776K(28992K) Class: 3589K(3712K)->3589K(3712K)
[2023-08-15T23:13:35.059+0900][gc          ] GC(3) Pause Young (Normal) (G1 Evacuation Pause) 187M->142M(1024M) 5.453ms
[2023-08-15T23:13:35.059+0900][gc,cpu      ] GC(3) User=0.02s Sys=0.00s Real=0.00s
[2023-08-15T23:13:56.007+0900][gc,start    ] GC(4) Pause Young (Concurrent Start) (Metadata GC Threshold)
[2023-08-15T23:13:56.007+0900][gc,task     ] GC(4) Using 8 workers of 8 for evacuation
[2023-08-15T23:13:56.016+0900][gc,phases   ] GC(4)   Pre Evacuate Collection Set: 0.4ms
[2023-08-15T23:13:56.016+0900][gc,phases   ] GC(4)   Merge Heap Roots: 0.1ms
[2023-08-15T23:13:56.016+0900][gc,phases   ] GC(4)   Evacuate Collection Set: 8.3ms
[2023-08-15T23:13:56.016+0900][gc,phases   ] GC(4)   Post Evacuate Collection Set: 0.4ms
[2023-08-15T23:13:56.016+0900][gc,phases   ] GC(4)   Other: 0.1ms
[2023-08-15T23:13:56.016+0900][gc,heap     ] GC(4) Eden regions: 33->0(48)
[2023-08-15T23:13:56.016+0900][gc,heap     ] GC(4) Survivor regions: 7->3(7)
[2023-08-15T23:13:56.016+0900][gc,heap     ] GC(4) Old regions: 7->13
[2023-08-15T23:13:56.016+0900][gc,heap     ] GC(4) Archive regions: 2->2
[2023-08-15T23:13:56.016+0900][gc,heap     ] GC(4) Humongous regions: 129->129
[2023-08-15T23:13:56.016+0900][gc,metaspace] GC(4) Metaspace: 35657K(36096K)->35657K(36096K) NonClass: 31668K(31936K)->31668K(31936K) Class: 3988K(4160K)->3988K(4160K)
[2023-08-15T23:13:56.016+0900][gc          ] GC(4) Pause Young (Concurrent Start) (Metadata GC Threshold) 175M->144M(1024M) 9.781ms
[2023-08-15T23:13:56.016+0900][gc          ] GC(5) Concurrent Mark Cycle
[2023-08-15T23:13:56.016+0900][gc,cpu      ] GC(4) User=0.03s Sys=0.00s Real=0.01s
[2023-08-15T23:13:56.016+0900][gc,marking  ] GC(5) Concurrent Scan Root Regions
[2023-08-15T23:13:56.020+0900][gc,marking  ] GC(5) Concurrent Scan Root Regions 3.995ms
[2023-08-15T23:13:56.020+0900][gc,marking  ] GC(5) Concurrent Mark
[2023-08-15T23:13:56.020+0900][gc,marking  ] GC(5) Concurrent Mark From Roots
[2023-08-15T23:13:56.020+0900][gc,task     ] GC(5) Using 2 workers of 2 for marking
[2023-08-15T23:13:56.025+0900][gc,marking  ] GC(5) Concurrent Mark From Roots 4.864ms
[2023-08-15T23:13:56.025+0900][gc,marking  ] GC(5) Concurrent Preclean
[2023-08-15T23:13:56.025+0900][gc,marking  ] GC(5) Concurrent Preclean 0.027ms
[2023-08-15T23:13:56.025+0900][gc,start    ] GC(5) Pause Remark
[2023-08-15T23:13:56.027+0900][gc          ] GC(5) Pause Remark 144M->144M(1024M) 1.815ms
[2023-08-15T23:13:56.027+0900][gc,cpu      ] GC(5) User=0.01s Sys=0.00s Real=0.00s
[2023-08-15T23:13:56.027+0900][gc,marking  ] GC(5) Concurrent Mark 6.860ms
[2023-08-15T23:13:56.027+0900][gc,marking  ] GC(5) Concurrent Rebuild Remembered Sets and Scrub Regions
[2023-08-15T23:13:56.032+0900][gc,marking  ] GC(5) Concurrent Rebuild Remembered Sets and Scrub Regions 4.364ms
[2023-08-15T23:13:56.032+0900][gc,start    ] GC(5) Pause Cleanup
[2023-08-15T23:13:56.032+0900][gc          ] GC(5) Pause Cleanup 144M->144M(1024M) 0.115ms
[2023-08-15T23:13:56.032+0900][gc,cpu      ] GC(5) User=0.00s Sys=0.00s Real=0.00s
[2023-08-15T23:13:56.032+0900][gc,marking  ] GC(5) Concurrent Clear Claimed Marks
[2023-08-15T23:13:56.032+0900][gc,marking  ] GC(5) Concurrent Clear Claimed Marks 0.011ms
[2023-08-15T23:13:56.032+0900][gc,marking  ] GC(5) Concurrent Cleanup for Next Mark
[2023-08-15T23:13:56.033+0900][gc,marking  ] GC(5) Concurrent Cleanup for Next Mark 0.993ms
[2023-08-15T23:13:56.033+0900][gc          ] GC(5) Concurrent Mark Cycle 16.556ms
[2023-08-15T23:16:54.426+0900][gc,heap,exit] Heap
[2023-08-15T23:16:54.427+0900][gc,heap,exit]  garbage-first heap   total 1048576K, used 171329K [0x00000007c0000000, 0x0000000800000000)
[2023-08-15T23:16:54.427+0900][gc,heap,exit]   region size 1024K, 26 young (26624K), 3 survivors (3072K)
[2023-08-15T23:16:54.427+0900][gc,heap,exit]  Metaspace       used 36737K, committed 37248K, reserved 1114112K
[2023-08-15T23:16:54.427+0900][gc,heap,exit]   class space    used 4131K, committed 4352K, reserved 1048576K
